[debug] [2021-02-12T00:03:19.477Z] ----------------------------------------------------------------------
[debug] [2021-02-12T00:03:19.480Z] Command:       C:\Program Files\nodejs\node.exe C:\Users\Brian Tao\AppData\Roaming\npm\node_modules\firebase-tools\lib\bin\firebase.js emulators:start --only functions
[debug] [2021-02-12T00:03:19.480Z] CLI Version:   8.4.3
[debug] [2021-02-12T00:03:19.480Z] Platform:      win32
[debug] [2021-02-12T00:03:19.481Z] Node Version:  v12.18.2
[debug] [2021-02-12T00:03:19.482Z] Time:          Thu Feb 11 2021 16:03:19 GMT-0800 (Pacific Standard Time)
[debug] [2021-02-12T00:03:19.482Z] ----------------------------------------------------------------------
[debug] [2021-02-12T00:03:19.482Z] 
[debug] [2021-02-12T00:03:19.495Z] > command requires scopes: ["email","openid","https://www.googleapis.com/auth/cloudplatformprojects.readonly","https://www.googleapis.com/auth/firebase","https://www.googleapis.com/auth/cloud-platform"]
[debug] [2021-02-12T00:03:19.496Z] > authorizing via signed-in user
[info] i  emulators: Starting emulators: functions {"metadata":{"emulator":{"name":"hub"},"message":"Starting emulators: functions"}}
[debug] [2021-02-12T00:03:21.579Z] [hub] writing locator at C:\Users\Brian Tao\AppData\Local\Temp\hub-udemy-geo-ninjas-e3b91.json
[warn] !  Your requested "node" version "8" doesn't match your global version "12" {"metadata":{"emulator":{"name":"functions"},"message":"Your requested \"node\" version \"8\" doesn't match your global version \"12\""}}
[info] i  ui: downloading ui-v1.1.0.zip... {"metadata":{"emulator":{"name":"ui"},"message":"downloading ui-v1.1.0.zip..."}}
[debug] [2021-02-12T00:03:29.180Z] Ignoring unsupported arg: auto_download {"metadata":{"emulator":{"name":"ui"},"message":"Ignoring unsupported arg: auto_download"}}
[debug] [2021-02-12T00:03:29.181Z] Ignoring unsupported arg: port {"metadata":{"emulator":{"name":"ui"},"message":"Ignoring unsupported arg: port"}}
[debug] [2021-02-12T00:03:29.181Z] Starting Emulator UI with command {"binary":"node","args":["C:\\Users\\Brian Tao\\.cache\\firebase\\emulators\\ui-v1.1.0\\server.bundle.js"],"optionalArgs":[],"joinArgs":false} {"metadata":{"emulator":{"name":"ui"},"message":"Starting Emulator UI with command {\"binary\":\"node\",\"args\":[\"C:\\\\Users\\\\Brian Tao\\\\.cache\\\\firebase\\\\emulators\\\\ui-v1.1.0\\\\server.bundle.js\"],\"optionalArgs\":[],\"joinArgs\":false}"}}
[info] i  ui: Emulator UI logging to ui-debug.log {"metadata":{"emulator":{"name":"ui"},"message":"Emulator UI logging to \u001b[1mui-debug.log\u001b[22m"}}
[debug] [2021-02-12T00:03:29.338Z] Web / API server started at http://localhost:4000
 {"metadata":{"emulator":{"name":"ui"},"message":"Web / API server started at http://localhost:4000\n"}}
[info] i  functions: Watching "C:\Users\Brian Tao\Desktop\PilotCity\udemy\vue-firebase\geo-ninjas\functions" for Cloud Functions... {"metadata":{"emulator":{"name":"functions"},"message":"Watching \"C:\\Users\\Brian Tao\\Desktop\\PilotCity\\udemy\\vue-firebase\\geo-ninjas\\functions\" for Cloud Functions..."}}
[debug] [2021-02-12T00:03:29.733Z] [worker-pool] addWorker(~diagnostic~) {"metadata":{"emulator":{"name":"functions"},"message":"[worker-pool] addWorker(~diagnostic~)"}}
[debug] [2021-02-12T00:03:29.733Z] [worker-pool] Adding worker with key ~diagnostic~, total=1 {"metadata":{"emulator":{"name":"functions"},"message":"[worker-pool] Adding worker with key ~diagnostic~, total=1"}}
[debug] [2021-02-12T00:03:29.734Z] [worker-pool] submitWork(triggerId=) {"metadata":{"emulator":{"name":"functions"},"message":"[worker-pool] submitWork(triggerId=)"}}
[debug] [2021-02-12T00:03:29.734Z] [worker-~diagnostic~-b7708b75-bb9b-46d0-abcd-4dc131fb827b]: Assigning socketPath: \\?\pipe\C:\Users\Brian Tao\Desktop\PilotCity\udemy\vue-firebase\geo-ninjas\functions\8956 {"metadata":{"emulator":{"name":"functions"},"message":"[worker-~diagnostic~-b7708b75-bb9b-46d0-abcd-4dc131fb827b]: Assigning socketPath: \\\\?\\pipe\\C:\\Users\\Brian Tao\\Desktop\\PilotCity\\udemy\\vue-firebase\\geo-ninjas\\functions\\8956"}}
[debug] [2021-02-12T00:03:29.735Z] [worker-~diagnostic~-b7708b75-bb9b-46d0-abcd-4dc131fb827b]: BUSY {"metadata":{"emulator":{"name":"functions"},"message":"[worker-~diagnostic~-b7708b75-bb9b-46d0-abcd-4dc131fb827b]: BUSY"}}
[debug] [2021-02-12T00:03:30.229Z] [runtime-status] [8956] Functions runtime initialized. {"cwd":"C:\\Users\\Brian Tao\\Desktop\\PilotCity\\udemy\\vue-firebase\\geo-ninjas\\functions","node_version":"12.18.2"} {"metadata":{"emulator":{"name":"functions"},"message":"[runtime-status] [8956] Functions runtime initialized. {\"cwd\":\"C:\\\\Users\\\\Brian Tao\\\\Desktop\\\\PilotCity\\\\udemy\\\\vue-firebase\\\\geo-ninjas\\\\functions\",\"node_version\":\"12.18.2\"}"}}
[debug] [2021-02-12T00:03:30.234Z] [runtime-status] [8956] Disabled runtime features: undefined {"metadata":{"emulator":{"name":"functions"},"message":"[runtime-status] [8956] Disabled runtime features: undefined"}}
[debug] [2021-02-12T00:03:30.267Z] [runtime-status] [8956] Resolved module firebase-admin {"declared":true,"installed":true,"version":"8.13.0","resolution":"C:\\Users\\Brian Tao\\Desktop\\PilotCity\\udemy\\vue-firebase\\geo-ninjas\\functions\\node_modules\\firebase-admin\\lib\\index.js"} {"metadata":{"emulator":{"name":"functions"},"message":"[runtime-status] [8956] Resolved module firebase-admin {\"declared\":true,\"installed\":true,\"version\":\"8.13.0\",\"resolution\":\"C:\\\\Users\\\\Brian Tao\\\\Desktop\\\\PilotCity\\\\udemy\\\\vue-firebase\\\\geo-ninjas\\\\functions\\\\node_modules\\\\firebase-admin\\\\lib\\\\index.js\"}"}}
[debug] [2021-02-12T00:03:30.270Z] [runtime-status] [8956] Resolved module firebase-functions {"declared":true,"installed":true,"version":"3.7.0","resolution":"C:\\Users\\Brian Tao\\Desktop\\PilotCity\\udemy\\vue-firebase\\geo-ninjas\\functions\\node_modules\\firebase-functions\\lib\\index.js"} {"metadata":{"emulator":{"name":"functions"},"message":"[runtime-status] [8956] Resolved module firebase-functions {\"declared\":true,\"installed\":true,\"version\":\"3.7.0\",\"resolution\":\"C:\\\\Users\\\\Brian Tao\\\\Desktop\\\\PilotCity\\\\udemy\\\\vue-firebase\\\\geo-ninjas\\\\functions\\\\node_modules\\\\firebase-functions\\\\lib\\\\index.js\"}"}}
[debug] [2021-02-12T00:03:30.272Z] [runtime-status] [8956] Outgoing network have been stubbed. [{"name":"http","status":"mocked"},{"name":"http","status":"mocked"},{"name":"https","status":"mocked"},{"name":"https","status":"mocked"},{"name":"net","status":"mocked"}] {"metadata":{"emulator":{"name":"functions"},"message":"[runtime-status] [8956] Outgoing network have been stubbed. [{\"name\":\"http\",\"status\":\"mocked\"},{\"name\":\"http\",\"status\":\"mocked\"},{\"name\":\"https\",\"status\":\"mocked\"},{\"name\":\"https\",\"status\":\"mocked\"},{\"name\":\"net\",\"status\":\"mocked\"}]"}}
[debug] [2021-02-12T00:03:30.272Z] [runtime-status] [8956] Resolved module firebase-functions {"declared":true,"installed":true,"version":"3.7.0","resolution":"C:\\Users\\Brian Tao\\Desktop\\PilotCity\\udemy\\vue-firebase\\geo-ninjas\\functions\\node_modules\\firebase-functions\\lib\\index.js"} {"metadata":{"emulator":{"name":"functions"},"message":"[runtime-status] [8956] Resolved module firebase-functions {\"declared\":true,\"installed\":true,\"version\":\"3.7.0\",\"resolution\":\"C:\\\\Users\\\\Brian Tao\\\\Desktop\\\\PilotCity\\\\udemy\\\\vue-firebase\\\\geo-ninjas\\\\functions\\\\node_modules\\\\firebase-functions\\\\lib\\\\index.js\"}"}}
[debug] [2021-02-12T00:03:30.488Z] [runtime-status] [8956] Checked functions.config() {"config":{}} {"metadata":{"emulator":{"name":"functions"},"message":"[runtime-status] [8956] Checked functions.config() {\"config\":{}}"}}
[debug] [2021-02-12T00:03:30.489Z] [runtime-status] [8956] firebase-functions has been stubbed. {"functionsResolution":{"declared":true,"installed":true,"version":"3.7.0","resolution":"C:\\Users\\Brian Tao\\Desktop\\PilotCity\\udemy\\vue-firebase\\geo-ninjas\\functions\\node_modules\\firebase-functions\\lib\\index.js"}} {"metadata":{"emulator":{"name":"functions"},"message":"[runtime-status] [8956] firebase-functions has been stubbed. {\"functionsResolution\":{\"declared\":true,\"installed\":true,\"version\":\"3.7.0\",\"resolution\":\"C:\\\\Users\\\\Brian Tao\\\\Desktop\\\\PilotCity\\\\udemy\\\\vue-firebase\\\\geo-ninjas\\\\functions\\\\node_modules\\\\firebase-functions\\\\lib\\\\index.js\"}}"}}
[debug] [2021-02-12T00:03:30.490Z] [runtime-status] [8956] Resolved module firebase-functions {"declared":true,"installed":true,"version":"3.7.0","resolution":"C:\\Users\\Brian Tao\\Desktop\\PilotCity\\udemy\\vue-firebase\\geo-ninjas\\functions\\node_modules\\firebase-functions\\lib\\index.js"} {"metadata":{"emulator":{"name":"functions"},"message":"[runtime-status] [8956] Resolved module firebase-functions {\"declared\":true,\"installed\":true,\"version\":\"3.7.0\",\"resolution\":\"C:\\\\Users\\\\Brian Tao\\\\Desktop\\\\PilotCity\\\\udemy\\\\vue-firebase\\\\geo-ninjas\\\\functions\\\\node_modules\\\\firebase-functions\\\\lib\\\\index.js\"}"}}
[debug] [2021-02-12T00:03:30.498Z] [runtime-status] [8956] Resolved module firebase-admin {"declared":true,"installed":true,"version":"8.13.0","resolution":"C:\\Users\\Brian Tao\\Desktop\\PilotCity\\udemy\\vue-firebase\\geo-ninjas\\functions\\node_modules\\firebase-admin\\lib\\index.js"} {"metadata":{"emulator":{"name":"functions"},"message":"[runtime-status] [8956] Resolved module firebase-admin {\"declared\":true,\"installed\":true,\"version\":\"8.13.0\",\"resolution\":\"C:\\\\Users\\\\Brian Tao\\\\Desktop\\\\PilotCity\\\\udemy\\\\vue-firebase\\\\geo-ninjas\\\\functions\\\\node_modules\\\\firebase-admin\\\\lib\\\\index.js\"}"}}
[debug] [2021-02-12T00:03:30.501Z] [runtime-status] [8956] Resolved module firebase-functions {"declared":true,"installed":true,"version":"3.7.0","resolution":"C:\\Users\\Brian Tao\\Desktop\\PilotCity\\udemy\\vue-firebase\\geo-ninjas\\functions\\node_modules\\firebase-functions\\lib\\index.js"} {"metadata":{"emulator":{"name":"functions"},"message":"[runtime-status] [8956] Resolved module firebase-functions {\"declared\":true,\"installed\":true,\"version\":\"3.7.0\",\"resolution\":\"C:\\\\Users\\\\Brian Tao\\\\Desktop\\\\PilotCity\\\\udemy\\\\vue-firebase\\\\geo-ninjas\\\\functions\\\\node_modules\\\\firebase-functions\\\\lib\\\\index.js\"}"}}
[debug] [2021-02-12T00:03:30.502Z] [runtime-status] [8956] firebase-admin has been stubbed. {"adminResolution":{"declared":true,"installed":true,"version":"8.13.0","resolution":"C:\\Users\\Brian Tao\\Desktop\\PilotCity\\udemy\\vue-firebase\\geo-ninjas\\functions\\node_modules\\firebase-admin\\lib\\index.js"}} {"metadata":{"emulator":{"name":"functions"},"message":"[runtime-status] [8956] firebase-admin has been stubbed. {\"adminResolution\":{\"declared\":true,\"installed\":true,\"version\":\"8.13.0\",\"resolution\":\"C:\\\\Users\\\\Brian Tao\\\\Desktop\\\\PilotCity\\\\udemy\\\\vue-firebase\\\\geo-ninjas\\\\functions\\\\node_modules\\\\firebase-admin\\\\lib\\\\index.js\"}}"}}
[debug] [2021-02-12T00:03:30.506Z] [runtime-status] [8956] initializeApp(DEFAULT) {"databaseURL":"https://udemy-geo-ninjas-e3b91.firebaseio.com","storageBucket":"udemy-geo-ninjas-e3b91.appspot.com","projectId":"udemy-geo-ninjas-e3b91"} {"metadata":{"emulator":{"name":"functions"},"message":"[runtime-status] [8956] initializeApp(DEFAULT) {\"databaseURL\":\"https://udemy-geo-ninjas-e3b91.firebaseio.com\",\"storageBucket\":\"udemy-geo-ninjas-e3b91.appspot.com\",\"projectId\":\"udemy-geo-ninjas-e3b91\"}"}}
[info] +  functions[checkAlias]: http function initialized (http://localhost:5001/udemy-geo-ninjas-e3b91/us-central1/checkAlias). {"metadata":{"emulator":{"name":"functions"},"message":"\u001b[1mhttp\u001b[22m function initialized (http://localhost:5001/udemy-geo-ninjas-e3b91/us-central1/checkAlias)."}}
[info] 
┌───────────────────────────────────────────────────────────────────────┐
│ ✔  All emulators ready! View status and logs at http://localhost:4000 │
└───────────────────────────────────────────────────────────────────────┘

┌───────────┬────────────────┬─────────────────────────────────┐
│ Emulator  │ Host:Port      │ View in Emulator UI             │
├───────────┼────────────────┼─────────────────────────────────┤
│ Functions │ localhost:5001 │ http://localhost:4000/functions │
└───────────┴────────────────┴─────────────────────────────────┘
  Other reserved ports: 4400, 4500

Issues? Report them at https://github.com/firebase/firebase-tools/issues and attach the *-debug.log files.
 
[debug] [2021-02-12T00:03:30.689Z] [worker-~diagnostic~-b7708b75-bb9b-46d0-abcd-4dc131fb827b]: IDLE {"metadata":{"emulator":{"name":"functions"},"message":"[worker-~diagnostic~-b7708b75-bb9b-46d0-abcd-4dc131fb827b]: IDLE"}}
[debug] [2021-02-12T00:23:59.200Z] [worker-~diagnostic~-b7708b75-bb9b-46d0-abcd-4dc131fb827b]: exited {"metadata":{"emulator":{"name":"functions"},"message":"[worker-~diagnostic~-b7708b75-bb9b-46d0-abcd-4dc131fb827b]: exited"}}
[debug] [2021-02-12T00:23:59.201Z] [worker-~diagnostic~-b7708b75-bb9b-46d0-abcd-4dc131fb827b]: FINISHED {"metadata":{"emulator":{"name":"functions"},"message":"[worker-~diagnostic~-b7708b75-bb9b-46d0-abcd-4dc131fb827b]: FINISHED"}}
